<?xml version="1.0" encoding="UTF-8"?>
<!-- Generated by org.testng.reporters.JUnitXMLReporter -->
<testsuite ignored="1" hostname="Windows10" failures="0" tests="2" name="CSA Test Flows" time="22.514" errors="0" timestamp="2023-12-03T18:56:23 IST">
  <testcase classname="com.spicejet.bookflight.CreateHeadoffice.ATS001_SpiceJet_VerifyLogInPage" name="VerifyLogInPage" time="10.593"/>
  <testcase classname="com.spicejet.bookflight.CreateHeadoffice.ATS002_SpiceJet_VerifyLogInPage" name="VerifyLogInPage" time="10.481"/>
  <testcase classname="com.spicejet.bookflight.testbase.TestBase" name="@AfterTest FlushReport" time="0.0">
    <ignored/>
  </testcase> <!-- @AfterTest FlushReport -->
</testsuite> <!-- CSA Test Flows -->
